<?xml version="1.0" encoding="UTF-8"?>
<robot generator="Robot 6.0.1 (Python 3.9.7 on win32)" generated="20221206 12:41:43.982" rpa="false" schemaversion="3">
<suite id="s1" name="Suites">
<suite id="s1-s1" name="cellVeryFication" source="D:\PythonProject\Robot-Framework\TestCases\HTML-Table\cellVeryFication.robot">
<test id="s1-s1-t1" name="Table Cell and header verification" line="8">
<kw name="Open Browser" library="SeleniumLibrary">
<arg>${url}</arg>
<arg>${browser}</arg>
<doc>Opens a new browser instance to the optional ``url``.</doc>
<msg timestamp="20221206 12:41:44.495" level="INFO">Opening browser 'chrome' to base url 'https://testautomationpractice.blogspot.com/'.</msg>
<status status="PASS" starttime="20221206 12:41:44.494" endtime="20221206 12:41:59.752"/>
</kw>
<kw name="Maximize Browser Window" library="SeleniumLibrary">
<doc>Maximizes current browser window.</doc>
<status status="PASS" starttime="20221206 12:41:59.752" endtime="20221206 12:41:59.892"/>
</kw>
<kw name="Table Cell Should Contain" library="SeleniumLibrary">
<arg>xpath://table[@name='BookTable']</arg>
<arg>5</arg>
<arg>2</arg>
<arg>Mukesh</arg>
<doc>Verifies table cell contains text ``expected``.</doc>
<msg timestamp="20221206 12:42:00.058" level="INFO">Table cell contains 'Mukesh'.</msg>
<status status="PASS" starttime="20221206 12:41:59.892" endtime="20221206 12:42:00.058"/>
</kw>
<kw name="Table Header Should Contain" library="SeleniumLibrary">
<arg>xpath://table[@name='BookTable']</arg>
<arg>BookName</arg>
<doc>Verifies table header contains text ``expected``.</doc>
<status status="PASS" starttime="20221206 12:42:00.059" endtime="20221206 12:42:00.145"/>
</kw>
<kw name="Close Browser" library="SeleniumLibrary">
<doc>Closes the current browser.</doc>
<status status="PASS" starttime="20221206 12:42:00.146" endtime="20221206 12:42:02.484"/>
</kw>
<status status="PASS" starttime="20221206 12:41:44.494" endtime="20221206 12:42:02.486"/>
</test>
<status status="PASS" starttime="20221206 12:41:44.068" endtime="20221206 12:42:02.489"/>
</suite>
<status status="PASS" starttime="20221206 12:41:44.009" endtime="20221206 12:42:02.497"/>
</suite>
<statistics>
<total>
<stat pass="1" fail="0" skip="0">All Tests</stat>
</total>
<tag>
</tag>
<suite>
<stat pass="1" fail="0" skip="0" id="s1" name="Suites">Suites</stat>
<stat pass="1" fail="0" skip="0" id="s1-s1" name="cellVeryFication">Suites.cellVeryFication</stat>
</suite>
</statistics>
<errors>
</errors>
</robot>
