<?xml version="1.0" encoding="UTF-8"?>
<robot generator="Rebot 6.0.1 (Python 3.9.7 on win32)" generated="20221206 12:42:04.021" rpa="false" schemaversion="3">
<suite id="s1" name="Suites">
<suite id="s1-s1" name="VerifTTableData" source="D:\PythonProject\Robot-Framework\TestCases\HTML-Table\VerifTTableData.robot">
<test id="s1-s1-t1" name="Verify table row and column" line="8">
<kw name="Open Browser" library="SeleniumLibrary">
<arg>${url}</arg>
<arg>${browser}</arg>
<doc>Opens a new browser instance to the optional ``url``.</doc>
<msg timestamp="20221206 12:41:44.490" level="INFO">Opening browser 'chrome' to base url 'https://testautomationpractice.blogspot.com/'.</msg>
<status status="PASS" starttime="20221206 12:41:44.490" endtime="20221206 12:41:59.756"/>
</kw>
<kw name="Maximize Browser Window" library="SeleniumLibrary">
<doc>Maximizes current browser window.</doc>
<status status="PASS" starttime="20221206 12:41:59.756" endtime="20221206 12:41:59.900"/>
</kw>
<kw name="Table Column Should Contain" library="SeleniumLibrary">
<arg>xpath://table[@name='BookTable']</arg>
<arg>2</arg>
<arg>Author</arg>
<doc>Verifies table column contains text ``expected``.</doc>
<status status="PASS" starttime="20221206 12:41:59.901" endtime="20221206 12:42:00.095"/>
</kw>
<kw name="Table Row Should Contain" library="SeleniumLibrary">
<arg>xpath://table[@name='BookTable']</arg>
<arg>5</arg>
<arg>Master In Selenium</arg>
<doc>Verifies that table row contains text ``expected``.</doc>
<status status="PASS" starttime="20221206 12:42:00.095" endtime="20221206 12:42:00.309"/>
</kw>
<kw name="Close Browser" library="SeleniumLibrary">
<doc>Closes the current browser.</doc>
<status status="PASS" starttime="20221206 12:42:00.309" endtime="20221206 12:42:03.508"/>
</kw>
<status status="PASS" starttime="20221206 12:41:44.490" endtime="20221206 12:42:03.510"/>
</test>
<status status="PASS" starttime="20221206 12:41:44.069" endtime="20221206 12:42:03.514"/>
</suite>
<suite id="s1-s2" name="cellVeryFication" source="D:\PythonProject\Robot-Framework\TestCases\HTML-Table\cellVeryFication.robot">
<test id="s1-s2-t1" name="Table Cell and header verification" line="8">
<kw name="Open Browser" library="SeleniumLibrary">
<arg>${url}</arg>
<arg>${browser}</arg>
<doc>Opens a new browser instance to the optional ``url``.</doc>
<msg timestamp="20221206 12:41:44.495" level="INFO">Opening browser 'chrome' to base url 'https://testautomationpractice.blogspot.com/'.</msg>
<status status="PASS" starttime="20221206 12:41:44.494" endtime="20221206 12:41:59.752"/>
</kw>
<kw name="Maximize Browser Window" library="SeleniumLibrary">
<doc>Maximizes current browser window.</doc>
<status status="PASS" starttime="20221206 12:41:59.752" endtime="20221206 12:41:59.892"/>
</kw>
<kw name="Table Cell Should Contain" library="SeleniumLibrary">
<arg>xpath://table[@name='BookTable']</arg>
<arg>5</arg>
<arg>2</arg>
<arg>Mukesh</arg>
<doc>Verifies table cell contains text ``expected``.</doc>
<msg timestamp="20221206 12:42:00.058" level="INFO">Table cell contains 'Mukesh'.</msg>
<status status="PASS" starttime="20221206 12:41:59.892" endtime="20221206 12:42:00.058"/>
</kw>
<kw name="Table Header Should Contain" library="SeleniumLibrary">
<arg>xpath://table[@name='BookTable']</arg>
<arg>BookName</arg>
<doc>Verifies table header contains text ``expected``.</doc>
<status status="PASS" starttime="20221206 12:42:00.059" endtime="20221206 12:42:00.145"/>
</kw>
<kw name="Close Browser" library="SeleniumLibrary">
<doc>Closes the current browser.</doc>
<status status="PASS" starttime="20221206 12:42:00.146" endtime="20221206 12:42:02.484"/>
</kw>
<status status="PASS" starttime="20221206 12:41:44.494" endtime="20221206 12:42:02.486"/>
</test>
<status status="PASS" starttime="20221206 12:41:44.068" endtime="20221206 12:42:02.489"/>
</suite>
<suite id="s1-s3" name="countNumberOfRows" source="D:\PythonProject\Robot-Framework\TestCases\HTML-Table\countNumberOfRows.robot">
<test id="s1-s3-t1" name="Count All table row and column" line="8">
<kw name="Open Browser" library="SeleniumLibrary">
<arg>${url}</arg>
<arg>${browser}</arg>
<doc>Opens a new browser instance to the optional ``url``.</doc>
<msg timestamp="20221206 12:41:44.496" level="INFO">Opening browser 'chrome' to base url 'https://testautomationpractice.blogspot.com/'.</msg>
<status status="PASS" starttime="20221206 12:41:44.494" endtime="20221206 12:42:00.602"/>
</kw>
<kw name="Maximize Browser Window" library="SeleniumLibrary">
<doc>Maximizes current browser window.</doc>
<status status="PASS" starttime="20221206 12:42:00.603" endtime="20221206 12:42:00.744"/>
</kw>
<kw name="Get Element Count" library="SeleniumLibrary">
<var>${rows}</var>
<arg>xpath://table[@name='BookTable']/tbody/tr</arg>
<doc>Returns the number of elements matching ``locator``.</doc>
<msg timestamp="20221206 12:42:00.774" level="INFO">${rows} = 7</msg>
<status status="PASS" starttime="20221206 12:42:00.746" endtime="20221206 12:42:00.774"/>
</kw>
<kw name="Get Element Count" library="SeleniumLibrary">
<var>${column}</var>
<arg>xpath://table[@name='BookTable']/tbody/tr[1]/th</arg>
<doc>Returns the number of elements matching ``locator``.</doc>
<msg timestamp="20221206 12:42:00.798" level="INFO">${column} = 4</msg>
<status status="PASS" starttime="20221206 12:42:00.774" endtime="20221206 12:42:00.798"/>
</kw>
<kw name="Log To Console" library="BuiltIn">
<arg>${rows}</arg>
<doc>Logs the given message to the console.</doc>
<status status="PASS" starttime="20221206 12:42:00.799" endtime="20221206 12:42:00.800"/>
</kw>
<kw name="Log To Console" library="BuiltIn">
<arg>${column}</arg>
<doc>Logs the given message to the console.</doc>
<status status="PASS" starttime="20221206 12:42:00.800" endtime="20221206 12:42:00.801"/>
</kw>
<kw name="Get Text" library="SeleniumLibrary">
<var>${elemtext}</var>
<arg>xpath://table[@name='BookTable']/tbody/tr[5]/td[1]</arg>
<doc>Returns the text value of the element identified by ``locator``.</doc>
<msg timestamp="20221206 12:42:00.875" level="INFO">${elemtext} = Master In Selenium</msg>
<status status="PASS" starttime="20221206 12:42:00.801" endtime="20221206 12:42:00.875"/>
</kw>
<kw name="Log To Console" library="BuiltIn">
<arg>${elemtext}</arg>
<doc>Logs the given message to the console.</doc>
<status status="PASS" starttime="20221206 12:42:00.875" endtime="20221206 12:42:00.875"/>
</kw>
<kw name="Close Browser" library="SeleniumLibrary">
<doc>Closes the current browser.</doc>
<status status="PASS" starttime="20221206 12:42:00.880" endtime="20221206 12:42:03.186"/>
</kw>
<status status="PASS" starttime="20221206 12:41:44.494" endtime="20221206 12:42:03.187"/>
</test>
<status status="PASS" starttime="20221206 12:41:44.061" endtime="20221206 12:42:03.190"/>
</suite>
<doc>[https://pabot.org/?ref=log|Pabot] result from 3 executions.</doc>
<status status="PASS" starttime="20221206 12:41:44.009" endtime="20221206 12:42:03.525"/>
</suite>
<statistics>
<total>
<stat pass="3" fail="0" skip="0">All Tests</stat>
</total>
<tag>
</tag>
<suite>
<stat pass="3" fail="0" skip="0" id="s1" name="Suites">Suites</stat>
<stat pass="1" fail="0" skip="0" id="s1-s1" name="VerifTTableData">Suites.VerifTTableData</stat>
<stat pass="1" fail="0" skip="0" id="s1-s2" name="cellVeryFication">Suites.cellVeryFication</stat>
<stat pass="1" fail="0" skip="0" id="s1-s3" name="countNumberOfRows">Suites.countNumberOfRows</stat>
</suite>
</statistics>
<errors>
</errors>
</robot>
