<?xml version="1.0" encoding="UTF-8"?>
<robot generator="Robot 6.0.1 (Python 3.9.7 on win32)" generated="20221206 12:41:43.983" rpa="false" schemaversion="3">
<suite id="s1" name="Suites">
<suite id="s1-s1" name="VerifTTableData" source="D:\PythonProject\Robot-Framework\TestCases\HTML-Table\VerifTTableData.robot">
<test id="s1-s1-t1" name="Verify table row and column" line="8">
<kw name="Open Browser" library="SeleniumLibrary">
<arg>${url}</arg>
<arg>${browser}</arg>
<doc>Opens a new browser instance to the optional ``url``.</doc>
<msg timestamp="20221206 12:41:44.490" level="INFO">Opening browser 'chrome' to base url 'https://testautomationpractice.blogspot.com/'.</msg>
<status status="PASS" starttime="20221206 12:41:44.490" endtime="20221206 12:41:59.756"/>
</kw>
<kw name="Maximize Browser Window" library="SeleniumLibrary">
<doc>Maximizes current browser window.</doc>
<status status="PASS" starttime="20221206 12:41:59.756" endtime="20221206 12:41:59.900"/>
</kw>
<kw name="Table Column Should Contain" library="SeleniumLibrary">
<arg>xpath://table[@name='BookTable']</arg>
<arg>2</arg>
<arg>Author</arg>
<doc>Verifies table column contains text ``expected``.</doc>
<status status="PASS" starttime="20221206 12:41:59.901" endtime="20221206 12:42:00.095"/>
</kw>
<kw name="Table Row Should Contain" library="SeleniumLibrary">
<arg>xpath://table[@name='BookTable']</arg>
<arg>5</arg>
<arg>Master In Selenium</arg>
<doc>Verifies that table row contains text ``expected``.</doc>
<status status="PASS" starttime="20221206 12:42:00.095" endtime="20221206 12:42:00.309"/>
</kw>
<kw name="Close Browser" library="SeleniumLibrary">
<doc>Closes the current browser.</doc>
<status status="PASS" starttime="20221206 12:42:00.309" endtime="20221206 12:42:03.508"/>
</kw>
<status status="PASS" starttime="20221206 12:41:44.490" endtime="20221206 12:42:03.510"/>
</test>
<status status="PASS" starttime="20221206 12:41:44.069" endtime="20221206 12:42:03.514"/>
</suite>
<status status="PASS" starttime="20221206 12:41:44.009" endtime="20221206 12:42:03.525"/>
</suite>
<statistics>
<total>
<stat pass="1" fail="0" skip="0">All Tests</stat>
</total>
<tag>
</tag>
<suite>
<stat pass="1" fail="0" skip="0" id="s1" name="Suites">Suites</stat>
<stat pass="1" fail="0" skip="0" id="s1-s1" name="VerifTTableData">Suites.VerifTTableData</stat>
</suite>
</statistics>
<errors>
</errors>
</robot>
