<?xml version="1.0" encoding="UTF-8"?>
<robot generator="Robot 6.0.1 (Python 3.9.7 on win32)" generated="20221206 12:41:43.984" rpa="false" schemaversion="3">
<suite id="s1" name="Suites">
<suite id="s1-s1" name="countNumberOfRows" source="D:\PythonProject\Robot-Framework\TestCases\HTML-Table\countNumberOfRows.robot">
<test id="s1-s1-t1" name="Count All table row and column" line="8">
<kw name="Open Browser" library="SeleniumLibrary">
<arg>${url}</arg>
<arg>${browser}</arg>
<doc>Opens a new browser instance to the optional ``url``.</doc>
<msg timestamp="20221206 12:41:44.496" level="INFO">Opening browser 'chrome' to base url 'https://testautomationpractice.blogspot.com/'.</msg>
<status status="PASS" starttime="20221206 12:41:44.494" endtime="20221206 12:42:00.602"/>
</kw>
<kw name="Maximize Browser Window" library="SeleniumLibrary">
<doc>Maximizes current browser window.</doc>
<status status="PASS" starttime="20221206 12:42:00.603" endtime="20221206 12:42:00.744"/>
</kw>
<kw name="Get Element Count" library="SeleniumLibrary">
<var>${rows}</var>
<arg>xpath://table[@name='BookTable']/tbody/tr</arg>
<doc>Returns the number of elements matching ``locator``.</doc>
<msg timestamp="20221206 12:42:00.774" level="INFO">${rows} = 7</msg>
<status status="PASS" starttime="20221206 12:42:00.746" endtime="20221206 12:42:00.774"/>
</kw>
<kw name="Get Element Count" library="SeleniumLibrary">
<var>${column}</var>
<arg>xpath://table[@name='BookTable']/tbody/tr[1]/th</arg>
<doc>Returns the number of elements matching ``locator``.</doc>
<msg timestamp="20221206 12:42:00.798" level="INFO">${column} = 4</msg>
<status status="PASS" starttime="20221206 12:42:00.774" endtime="20221206 12:42:00.798"/>
</kw>
<kw name="Log To Console" library="BuiltIn">
<arg>${rows}</arg>
<doc>Logs the given message to the console.</doc>
<status status="PASS" starttime="20221206 12:42:00.799" endtime="20221206 12:42:00.800"/>
</kw>
<kw name="Log To Console" library="BuiltIn">
<arg>${column}</arg>
<doc>Logs the given message to the console.</doc>
<status status="PASS" starttime="20221206 12:42:00.800" endtime="20221206 12:42:00.801"/>
</kw>
<kw name="Get Text" library="SeleniumLibrary">
<var>${elemtext}</var>
<arg>xpath://table[@name='BookTable']/tbody/tr[5]/td[1]</arg>
<doc>Returns the text value of the element identified by ``locator``.</doc>
<msg timestamp="20221206 12:42:00.875" level="INFO">${elemtext} = Master In Selenium</msg>
<status status="PASS" starttime="20221206 12:42:00.801" endtime="20221206 12:42:00.875"/>
</kw>
<kw name="Log To Console" library="BuiltIn">
<arg>${elemtext}</arg>
<doc>Logs the given message to the console.</doc>
<status status="PASS" starttime="20221206 12:42:00.875" endtime="20221206 12:42:00.875"/>
</kw>
<kw name="Close Browser" library="SeleniumLibrary">
<doc>Closes the current browser.</doc>
<status status="PASS" starttime="20221206 12:42:00.880" endtime="20221206 12:42:03.186"/>
</kw>
<status status="PASS" starttime="20221206 12:41:44.494" endtime="20221206 12:42:03.187"/>
</test>
<status status="PASS" starttime="20221206 12:41:44.061" endtime="20221206 12:42:03.190"/>
</suite>
<status status="PASS" starttime="20221206 12:41:44.010" endtime="20221206 12:42:03.196"/>
</suite>
<statistics>
<total>
<stat pass="1" fail="0" skip="0">All Tests</stat>
</total>
<tag>
</tag>
<suite>
<stat pass="1" fail="0" skip="0" id="s1" name="Suites">Suites</stat>
<stat pass="1" fail="0" skip="0" id="s1-s1" name="countNumberOfRows">Suites.countNumberOfRows</stat>
</suite>
</statistics>
<errors>
</errors>
</robot>
